<?xml version="1.0" encoding="UTF-8"?>
<testng-results retried="3" ignored="0" total="6" passed="1" failed="2" skipped="0">
  <reporter-output>
  </reporter-output>
  <suite started-at="2025-04-11T19:19:37 IST" name="Suite" finished-at="2025-04-11T19:22:00 IST" duration-ms="143236">
    <groups>
      <group name="regressionTest">
        <method signature="CreateContactsTest.createContactsTest()[pri:0, instance:Contacts.CreateContactsTest@5c90e579]" name="createContactsTest" class="Contacts.CreateContactsTest"/>
      </group> <!-- regressionTest -->
      <group name="sanityTest">
        <method signature="CreateContactsTest.createContactsTest()[pri:0, instance:Contacts.CreateContactsTest@5c90e579]" name="createContactsTest" class="Contacts.CreateContactsTest"/>
        <method signature="CreateProductTest.createProductTest()[pri:0, instance:CreateProduct.CreateProductTest@291b4bf5]" name="createProductTest" class="CreateProduct.CreateProductTest"/>
      </group> <!-- sanityTest -->
    </groups>
    <test started-at="2025-04-11T19:19:37 IST" name="Test" finished-at="2025-04-11T19:22:00 IST" duration-ms="143236">
      <class name="Campaign.CreateCampaignTest">
        <test-method is-config="true" signature="beforeClass()[pri:0, instance:Campaign.CreateCampaignTest@762ef0ea]" started-at="2025-04-11T19:21:06 IST" name="beforeClass" finished-at="2025-04-11T19:21:09 IST" duration-ms="3104" status="PASS">
          <reporter-output>
          </reporter-output>
        </test-method> <!-- beforeClass -->
        <test-method is-config="true" signature="beforeMethod()[pri:0, instance:Campaign.CreateCampaignTest@762ef0ea]" started-at="2025-04-11T19:21:09 IST" name="beforeMethod" finished-at="2025-04-11T19:21:10 IST" duration-ms="1263" status="PASS">
          <reporter-output>
          </reporter-output>
        </test-method> <!-- beforeMethod -->
        <test-method retried="true" signature="createCampaignNameTest()[pri:0, instance:Campaign.CreateCampaignTest@762ef0ea]" started-at="2025-04-11T19:21:10 IST" name="createCampaignNameTest" finished-at="2025-04-11T19:21:20 IST" duration-ms="9574" status="SKIP">
          <exception class="java.lang.AssertionError">
            <message>
              <![CDATA[---failing the script-----]]>
            </message>
            <full-stacktrace>
              <![CDATA[java.lang.AssertionError: ---failing the script-----
at org.testng.Assert.fail(Assert.java:111)
at Campaign.CreateCampaignTest.createCampaignNameTest(CreateCampaignTest.java:63)
at java.base/jdk.internal.reflect.DirectMethodHandleAccessor.invoke(DirectMethodHandleAccessor.java:103)
at java.base/java.lang.reflect.Method.invoke(Method.java:580)
at org.testng.internal.invokers.MethodInvocationHelper.invokeMethod(MethodInvocationHelper.java:141)
at org.testng.internal.invokers.TestInvoker.invokeMethod(TestInvoker.java:687)
at org.testng.internal.invokers.TestInvoker.invokeTestMethod(TestInvoker.java:230)
at org.testng.internal.invokers.MethodRunner.runInSequence(MethodRunner.java:63)
at org.testng.internal.invokers.TestInvoker$MethodInvocationAgent.invoke(TestInvoker.java:995)
at org.testng.internal.invokers.TestInvoker.invokeTestMethods(TestInvoker.java:203)
at org.testng.internal.invokers.TestMethodWorker.invokeTestMethods(TestMethodWorker.java:154)
at org.testng.internal.invokers.TestMethodWorker.run(TestMethodWorker.java:134)
at java.base/java.util.ArrayList.forEach(ArrayList.java:1597)
at org.testng.TestRunner.privateRun(TestRunner.java:741)
at org.testng.TestRunner.run(TestRunner.java:616)
at org.testng.SuiteRunner.runTest(SuiteRunner.java:421)
at org.testng.SuiteRunner.runSequentially(SuiteRunner.java:413)
at org.testng.SuiteRunner.privateRun(SuiteRunner.java:373)
at org.testng.SuiteRunner.run(SuiteRunner.java:312)
at org.testng.SuiteRunnerWorker.runSuite(SuiteRunnerWorker.java:52)
at org.testng.SuiteRunnerWorker.run(SuiteRunnerWorker.java:95)
at org.testng.TestNG.runSuitesSequentially(TestNG.java:1274)
at org.testng.TestNG.runSuitesLocally(TestNG.java:1208)
at org.testng.TestNG.runSuites(TestNG.java:1112)
at org.testng.TestNG.run(TestNG.java:1079)
at org.testng.remote.AbstractRemoteTestNG.run(AbstractRemoteTestNG.java:115)
at org.testng.remote.RemoteTestNG.initAndRun(RemoteTestNG.java:293)
at org.testng.remote.RemoteTestNG.main(RemoteTestNG.java:91)
]]>
            </full-stacktrace>
          </exception> <!-- java.lang.AssertionError -->
          <reporter-output>
          </reporter-output>
        </test-method> <!-- createCampaignNameTest -->
        <test-method is-config="true" signature="afterMethod()[pri:0, instance:Campaign.CreateCampaignTest@762ef0ea]" started-at="2025-04-11T19:21:20 IST" name="afterMethod" finished-at="2025-04-11T19:21:21 IST" duration-ms="1389" status="PASS">
          <reporter-output>
          </reporter-output>
        </test-method> <!-- afterMethod -->
        <test-method is-config="true" signature="beforeMethod()[pri:0, instance:Campaign.CreateCampaignTest@762ef0ea]" started-at="2025-04-11T19:21:21 IST" name="beforeMethod" finished-at="2025-04-11T19:21:25 IST" duration-ms="3603" status="PASS">
          <reporter-output>
          </reporter-output>
        </test-method> <!-- beforeMethod -->
        <test-method retried="true" signature="createCampaignNameTest()[pri:0, instance:Campaign.CreateCampaignTest@762ef0ea]" started-at="2025-04-11T19:21:25 IST" name="createCampaignNameTest" finished-at="2025-04-11T19:21:32 IST" duration-ms="7526" status="SKIP">
          <exception class="java.lang.AssertionError">
            <message>
              <![CDATA[---failing the script-----]]>
            </message>
            <full-stacktrace>
              <![CDATA[java.lang.AssertionError: ---failing the script-----
at org.testng.Assert.fail(Assert.java:111)
at Campaign.CreateCampaignTest.createCampaignNameTest(CreateCampaignTest.java:63)
at java.base/jdk.internal.reflect.DirectMethodHandleAccessor.invoke(DirectMethodHandleAccessor.java:103)
at java.base/java.lang.reflect.Method.invoke(Method.java:580)
at org.testng.internal.invokers.MethodInvocationHelper.invokeMethod(MethodInvocationHelper.java:141)
at org.testng.internal.invokers.TestInvoker.invokeMethod(TestInvoker.java:687)
at org.testng.internal.invokers.TestInvoker.retryFailed(TestInvoker.java:269)
at org.testng.internal.invokers.MethodRunner.runInSequence(MethodRunner.java:76)
at org.testng.internal.invokers.TestInvoker$MethodInvocationAgent.invoke(TestInvoker.java:995)
at org.testng.internal.invokers.TestInvoker.invokeTestMethods(TestInvoker.java:203)
at org.testng.internal.invokers.TestMethodWorker.invokeTestMethods(TestMethodWorker.java:154)
at org.testng.internal.invokers.TestMethodWorker.run(TestMethodWorker.java:134)
at java.base/java.util.ArrayList.forEach(ArrayList.java:1597)
at org.testng.TestRunner.privateRun(TestRunner.java:741)
at org.testng.TestRunner.run(TestRunner.java:616)
at org.testng.SuiteRunner.runTest(SuiteRunner.java:421)
at org.testng.SuiteRunner.runSequentially(SuiteRunner.java:413)
at org.testng.SuiteRunner.privateRun(SuiteRunner.java:373)
at org.testng.SuiteRunner.run(SuiteRunner.java:312)
at org.testng.SuiteRunnerWorker.runSuite(SuiteRunnerWorker.java:52)
at org.testng.SuiteRunnerWorker.run(SuiteRunnerWorker.java:95)
at org.testng.TestNG.runSuitesSequentially(TestNG.java:1274)
at org.testng.TestNG.runSuitesLocally(TestNG.java:1208)
at org.testng.TestNG.runSuites(TestNG.java:1112)
at org.testng.TestNG.run(TestNG.java:1079)
at org.testng.remote.AbstractRemoteTestNG.run(AbstractRemoteTestNG.java:115)
at org.testng.remote.RemoteTestNG.initAndRun(RemoteTestNG.java:293)
at org.testng.remote.RemoteTestNG.main(RemoteTestNG.java:91)
]]>
            </full-stacktrace>
          </exception> <!-- java.lang.AssertionError -->
          <reporter-output>
          </reporter-output>
        </test-method> <!-- createCampaignNameTest -->
        <test-method is-config="true" signature="afterMethod()[pri:0, instance:Campaign.CreateCampaignTest@762ef0ea]" started-at="2025-04-11T19:21:32 IST" name="afterMethod" finished-at="2025-04-11T19:21:34 IST" duration-ms="1999" status="PASS">
          <reporter-output>
          </reporter-output>
        </test-method> <!-- afterMethod -->
        <test-method is-config="true" signature="beforeMethod()[pri:0, instance:Campaign.CreateCampaignTest@762ef0ea]" started-at="2025-04-11T19:21:34 IST" name="beforeMethod" finished-at="2025-04-11T19:21:38 IST" duration-ms="3501" status="PASS">
          <reporter-output>
          </reporter-output>
        </test-method> <!-- beforeMethod -->
        <test-method retried="true" signature="createCampaignNameTest()[pri:0, instance:Campaign.CreateCampaignTest@762ef0ea]" started-at="2025-04-11T19:21:38 IST" name="createCampaignNameTest" finished-at="2025-04-11T19:21:46 IST" duration-ms="8357" status="SKIP">
          <exception class="java.lang.AssertionError">
            <message>
              <![CDATA[---failing the script-----]]>
            </message>
            <full-stacktrace>
              <![CDATA[java.lang.AssertionError: ---failing the script-----
at org.testng.Assert.fail(Assert.java:111)
at Campaign.CreateCampaignTest.createCampaignNameTest(CreateCampaignTest.java:63)
at java.base/jdk.internal.reflect.DirectMethodHandleAccessor.invoke(DirectMethodHandleAccessor.java:103)
at java.base/java.lang.reflect.Method.invoke(Method.java:580)
at org.testng.internal.invokers.MethodInvocationHelper.invokeMethod(MethodInvocationHelper.java:141)
at org.testng.internal.invokers.TestInvoker.invokeMethod(TestInvoker.java:687)
at org.testng.internal.invokers.TestInvoker.retryFailed(TestInvoker.java:269)
at org.testng.internal.invokers.MethodRunner.runInSequence(MethodRunner.java:76)
at org.testng.internal.invokers.TestInvoker$MethodInvocationAgent.invoke(TestInvoker.java:995)
at org.testng.internal.invokers.TestInvoker.invokeTestMethods(TestInvoker.java:203)
at org.testng.internal.invokers.TestMethodWorker.invokeTestMethods(TestMethodWorker.java:154)
at org.testng.internal.invokers.TestMethodWorker.run(TestMethodWorker.java:134)
at java.base/java.util.ArrayList.forEach(ArrayList.java:1597)
at org.testng.TestRunner.privateRun(TestRunner.java:741)
at org.testng.TestRunner.run(TestRunner.java:616)
at org.testng.SuiteRunner.runTest(SuiteRunner.java:421)
at org.testng.SuiteRunner.runSequentially(SuiteRunner.java:413)
at org.testng.SuiteRunner.privateRun(SuiteRunner.java:373)
at org.testng.SuiteRunner.run(SuiteRunner.java:312)
at org.testng.SuiteRunnerWorker.runSuite(SuiteRunnerWorker.java:52)
at org.testng.SuiteRunnerWorker.run(SuiteRunnerWorker.java:95)
at org.testng.TestNG.runSuitesSequentially(TestNG.java:1274)
at org.testng.TestNG.runSuitesLocally(TestNG.java:1208)
at org.testng.TestNG.runSuites(TestNG.java:1112)
at org.testng.TestNG.run(TestNG.java:1079)
at org.testng.remote.AbstractRemoteTestNG.run(AbstractRemoteTestNG.java:115)
at org.testng.remote.RemoteTestNG.initAndRun(RemoteTestNG.java:293)
at org.testng.remote.RemoteTestNG.main(RemoteTestNG.java:91)
]]>
            </full-stacktrace>
          </exception> <!-- java.lang.AssertionError -->
          <reporter-output>
          </reporter-output>
        </test-method> <!-- createCampaignNameTest -->
        <test-method is-config="true" signature="afterMethod()[pri:0, instance:Campaign.CreateCampaignTest@762ef0ea]" started-at="2025-04-11T19:21:46 IST" name="afterMethod" finished-at="2025-04-11T19:21:48 IST" duration-ms="2289" status="PASS">
          <reporter-output>
          </reporter-output>
        </test-method> <!-- afterMethod -->
        <test-method is-config="true" signature="beforeMethod()[pri:0, instance:Campaign.CreateCampaignTest@762ef0ea]" started-at="2025-04-11T19:21:48 IST" name="beforeMethod" finished-at="2025-04-11T19:21:49 IST" duration-ms="743" status="PASS">
          <reporter-output>
          </reporter-output>
        </test-method> <!-- beforeMethod -->
        <test-method signature="createCampaignNameTest()[pri:0, instance:Campaign.CreateCampaignTest@762ef0ea]" started-at="2025-04-11T19:21:49 IST" name="createCampaignNameTest" finished-at="2025-04-11T19:21:59 IST" duration-ms="9659" status="FAIL">
          <exception class="java.lang.AssertionError">
            <message>
              <![CDATA[---failing the script-----]]>
            </message>
            <full-stacktrace>
              <![CDATA[java.lang.AssertionError: ---failing the script-----
at org.testng.Assert.fail(Assert.java:111)
at Campaign.CreateCampaignTest.createCampaignNameTest(CreateCampaignTest.java:63)
at java.base/jdk.internal.reflect.DirectMethodHandleAccessor.invoke(DirectMethodHandleAccessor.java:103)
at java.base/java.lang.reflect.Method.invoke(Method.java:580)
at org.testng.internal.invokers.MethodInvocationHelper.invokeMethod(MethodInvocationHelper.java:141)
at org.testng.internal.invokers.TestInvoker.invokeMethod(TestInvoker.java:687)
at org.testng.internal.invokers.TestInvoker.retryFailed(TestInvoker.java:269)
at org.testng.internal.invokers.MethodRunner.runInSequence(MethodRunner.java:76)
at org.testng.internal.invokers.TestInvoker$MethodInvocationAgent.invoke(TestInvoker.java:995)
at org.testng.internal.invokers.TestInvoker.invokeTestMethods(TestInvoker.java:203)
at org.testng.internal.invokers.TestMethodWorker.invokeTestMethods(TestMethodWorker.java:154)
at org.testng.internal.invokers.TestMethodWorker.run(TestMethodWorker.java:134)
at java.base/java.util.ArrayList.forEach(ArrayList.java:1597)
at org.testng.TestRunner.privateRun(TestRunner.java:741)
at org.testng.TestRunner.run(TestRunner.java:616)
at org.testng.SuiteRunner.runTest(SuiteRunner.java:421)
at org.testng.SuiteRunner.runSequentially(SuiteRunner.java:413)
at org.testng.SuiteRunner.privateRun(SuiteRunner.java:373)
at org.testng.SuiteRunner.run(SuiteRunner.java:312)
at org.testng.SuiteRunnerWorker.runSuite(SuiteRunnerWorker.java:52)
at org.testng.SuiteRunnerWorker.run(SuiteRunnerWorker.java:95)
at org.testng.TestNG.runSuitesSequentially(TestNG.java:1274)
at org.testng.TestNG.runSuitesLocally(TestNG.java:1208)
at org.testng.TestNG.runSuites(TestNG.java:1112)
at org.testng.TestNG.run(TestNG.java:1079)
at org.testng.remote.AbstractRemoteTestNG.run(AbstractRemoteTestNG.java:115)
at org.testng.remote.RemoteTestNG.initAndRun(RemoteTestNG.java:293)
at org.testng.remote.RemoteTestNG.main(RemoteTestNG.java:91)
]]>
            </full-stacktrace>
          </exception> <!-- java.lang.AssertionError -->
          <reporter-output>
          </reporter-output>
        </test-method> <!-- createCampaignNameTest -->
        <test-method is-config="true" signature="afterMethod()[pri:0, instance:Campaign.CreateCampaignTest@762ef0ea]" started-at="2025-04-11T19:21:59 IST" name="afterMethod" finished-at="2025-04-11T19:22:00 IST" duration-ms="1149" status="PASS">
          <reporter-output>
          </reporter-output>
        </test-method> <!-- afterMethod -->
        <test-method is-config="true" signature="afterClass()[pri:0, instance:Campaign.CreateCampaignTest@762ef0ea]" started-at="2025-04-11T19:22:00 IST" name="afterClass" finished-at="2025-04-11T19:22:00 IST" duration-ms="223" status="PASS">
          <reporter-output>
          </reporter-output>
        </test-method> <!-- afterClass -->
      </class> <!-- Campaign.CreateCampaignTest -->
      <class name="CreateProduct.CreateProductTest">
        <test-method is-config="true" signature="beforeClass()[pri:0, instance:CreateProduct.CreateProductTest@291b4bf5]" started-at="2025-04-11T19:20:35 IST" name="beforeClass" finished-at="2025-04-11T19:20:38 IST" duration-ms="3101" status="PASS">
          <reporter-output>
          </reporter-output>
        </test-method> <!-- beforeClass -->
        <test-method is-config="true" signature="beforeMethod()[pri:0, instance:CreateProduct.CreateProductTest@291b4bf5]" started-at="2025-04-11T19:20:38 IST" name="beforeMethod" finished-at="2025-04-11T19:20:39 IST" duration-ms="1216" status="PASS">
          <reporter-output>
          </reporter-output>
        </test-method> <!-- beforeMethod -->
        <test-method signature="createProductTest()[pri:0, instance:CreateProduct.CreateProductTest@291b4bf5]" started-at="2025-04-11T19:20:39 IST" name="createProductTest" finished-at="2025-04-11T19:21:04 IST" duration-ms="24958" status="PASS">
          <reporter-output>
          </reporter-output>
        </test-method> <!-- createProductTest -->
        <test-method is-config="true" signature="afterMethod()[pri:0, instance:CreateProduct.CreateProductTest@291b4bf5]" started-at="2025-04-11T19:21:04 IST" name="afterMethod" finished-at="2025-04-11T19:21:06 IST" duration-ms="1216" status="PASS">
          <reporter-output>
          </reporter-output>
        </test-method> <!-- afterMethod -->
        <test-method is-config="true" signature="afterClass()[pri:0, instance:CreateProduct.CreateProductTest@291b4bf5]" started-at="2025-04-11T19:21:06 IST" name="afterClass" finished-at="2025-04-11T19:21:06 IST" duration-ms="226" status="PASS">
          <reporter-output>
          </reporter-output>
        </test-method> <!-- afterClass -->
      </class> <!-- CreateProduct.CreateProductTest -->
      <class name="Contacts.CreateContactsTest">
        <test-method is-config="true" signature="beforeSuite()[pri:0, instance:Contacts.CreateContactsTest@5c90e579]" started-at="2025-04-11T19:19:37 IST" name="beforeSuite" finished-at="2025-04-11T19:19:37 IST" duration-ms="14" status="PASS">
          <reporter-output>
          </reporter-output>
        </test-method> <!-- beforeSuite -->
        <test-method is-config="true" signature="beforeTest()[pri:0, instance:Contacts.CreateContactsTest@5c90e579]" started-at="2025-04-11T19:19:37 IST" name="beforeTest" finished-at="2025-04-11T19:19:37 IST" duration-ms="0" status="PASS">
          <reporter-output>
          </reporter-output>
        </test-method> <!-- beforeTest -->
        <test-method is-config="true" signature="beforeClass()[pri:0, instance:Contacts.CreateContactsTest@5c90e579]" started-at="2025-04-11T19:19:37 IST" name="beforeClass" finished-at="2025-04-11T19:19:43 IST" duration-ms="5302" status="PASS">
          <reporter-output>
          </reporter-output>
        </test-method> <!-- beforeClass -->
        <test-method is-config="true" signature="beforeMethod()[pri:0, instance:Contacts.CreateContactsTest@5c90e579]" started-at="2025-04-11T19:19:43 IST" name="beforeMethod" finished-at="2025-04-11T19:20:04 IST" duration-ms="20736" status="PASS">
          <reporter-output>
          </reporter-output>
        </test-method> <!-- beforeMethod -->
        <test-method signature="createContactsTest()[pri:0, instance:Contacts.CreateContactsTest@5c90e579]" started-at="2025-04-11T19:20:04 IST" name="createContactsTest" finished-at="2025-04-11T19:20:32 IST" duration-ms="28730" status="FAIL">
          <exception class="java.lang.AssertionError">
            <message>
              <![CDATA[---failing the script-----]]>
            </message>
            <full-stacktrace>
              <![CDATA[java.lang.AssertionError: ---failing the script-----
at org.testng.Assert.fail(Assert.java:111)
at Contacts.CreateContactsTest.createContactsTest(CreateContactsTest.java:96)
at java.base/jdk.internal.reflect.DirectMethodHandleAccessor.invoke(DirectMethodHandleAccessor.java:103)
at java.base/java.lang.reflect.Method.invoke(Method.java:580)
at org.testng.internal.invokers.MethodInvocationHelper.invokeMethod(MethodInvocationHelper.java:141)
at org.testng.internal.invokers.TestInvoker.invokeMethod(TestInvoker.java:687)
at org.testng.internal.invokers.TestInvoker.invokeTestMethod(TestInvoker.java:230)
at org.testng.internal.invokers.MethodRunner.runInSequence(MethodRunner.java:63)
at org.testng.internal.invokers.TestInvoker$MethodInvocationAgent.invoke(TestInvoker.java:995)
at org.testng.internal.invokers.TestInvoker.invokeTestMethods(TestInvoker.java:203)
at org.testng.internal.invokers.TestMethodWorker.invokeTestMethods(TestMethodWorker.java:154)
at org.testng.internal.invokers.TestMethodWorker.run(TestMethodWorker.java:134)
at java.base/java.util.ArrayList.forEach(ArrayList.java:1597)
at org.testng.TestRunner.privateRun(TestRunner.java:741)
at org.testng.TestRunner.run(TestRunner.java:616)
at org.testng.SuiteRunner.runTest(SuiteRunner.java:421)
at org.testng.SuiteRunner.runSequentially(SuiteRunner.java:413)
at org.testng.SuiteRunner.privateRun(SuiteRunner.java:373)
at org.testng.SuiteRunner.run(SuiteRunner.java:312)
at org.testng.SuiteRunnerWorker.runSuite(SuiteRunnerWorker.java:52)
at org.testng.SuiteRunnerWorker.run(SuiteRunnerWorker.java:95)
at org.testng.TestNG.runSuitesSequentially(TestNG.java:1274)
at org.testng.TestNG.runSuitesLocally(TestNG.java:1208)
at org.testng.TestNG.runSuites(TestNG.java:1112)
at org.testng.TestNG.run(TestNG.java:1079)
at org.testng.remote.AbstractRemoteTestNG.run(AbstractRemoteTestNG.java:115)
at org.testng.remote.RemoteTestNG.initAndRun(RemoteTestNG.java:293)
at org.testng.remote.RemoteTestNG.main(RemoteTestNG.java:91)
]]>
            </full-stacktrace>
          </exception> <!-- java.lang.AssertionError -->
          <reporter-output>
          </reporter-output>
        </test-method> <!-- createContactsTest -->
        <test-method is-config="true" signature="afterMethod()[pri:0, instance:Contacts.CreateContactsTest@5c90e579]" started-at="2025-04-11T19:20:33 IST" name="afterMethod" finished-at="2025-04-11T19:20:35 IST" duration-ms="2260" status="PASS">
          <reporter-output>
          </reporter-output>
        </test-method> <!-- afterMethod -->
        <test-method is-config="true" signature="afterClass()[pri:0, instance:Contacts.CreateContactsTest@5c90e579]" started-at="2025-04-11T19:20:35 IST" name="afterClass" finished-at="2025-04-11T19:20:35 IST" duration-ms="267" status="PASS">
          <reporter-output>
          </reporter-output>
        </test-method> <!-- afterClass -->
        <test-method is-config="true" signature="afterTest()[pri:0, instance:Contacts.CreateContactsTest@5c90e579]" started-at="2025-04-11T19:22:00 IST" name="afterTest" finished-at="2025-04-11T19:22:00 IST" duration-ms="1" status="PASS">
          <reporter-output>
          </reporter-output>
        </test-method> <!-- afterTest -->
        <test-method is-config="true" signature="afterSuite()[pri:0, instance:Contacts.CreateContactsTest@5c90e579]" started-at="2025-04-11T19:22:01 IST" name="afterSuite" finished-at="2025-04-11T19:22:01 IST" duration-ms="1" status="PASS">
          <reporter-output>
          </reporter-output>
        </test-method> <!-- afterSuite -->
      </class> <!-- Contacts.CreateContactsTest -->
    </test> <!-- Test -->
  </suite> <!-- Suite -->
</testng-results>
